<?xml version="1.0" encoding="UTF-8"?>
<!-- Generated by org.testng.reporters.JUnitReportReporter -->
<testsuite hostname="fv-az651-896" failures="0" tests="4" name="com.ea.SpringBasic.runner.TestRunner" time="69.584" errors="0" timestamp="2025-01-05T17:12:15 UTC" skipped="0">
  <testcase classname="com.ea.SpringBasic.runner.TestRunner" name="runScenario" time="17.412"/>
  <testcase classname="com.ea.SpringBasic.runner.TestRunner" name="runScenario" time="17.185"/>
  <testcase classname="com.ea.SpringBasic.runner.TestRunner" name="runScenario" time="17.502"/>
  <testcase classname="com.ea.SpringBasic.runner.TestRunner" name="runScenario" time="17.485"/>
</testsuite> <!-- com.ea.SpringBasic.runner.TestRunner -->
